<?xml version="1.0" encoding="UTF-8"?>
<testng-results skipped="4" failed="0" total="4" passed="0">
  <reporter-output>
  </reporter-output>
  <suite name="Default suite" duration-ms="141" started-at="2020-12-06T12:09:41Z" finished-at="2020-12-06T12:09:41Z">
    <groups>
    </groups>
    <test name="Default test" duration-ms="141" started-at="2020-12-06T12:09:41Z" finished-at="2020-12-06T12:09:41Z">
      <class name="jenkins_grid.jenkins_grid.google">
        <test-method status="FAIL" signature="setUp(java.lang.String)[pri:0, instance:jenkins_grid.jenkins_grid.google@694e1548]" name="setUp" is-config="true" duration-ms="0" started-at="2020-12-06T17:39:41Z" finished-at="2020-12-06T17:39:41Z">
          <exception class="org.testng.TestNGException">
            <message>
              <![CDATA[
Parameter 'browser' is required by @Configuration on method setUp but has not been marked @Optional or defined
in C:\Users\chira\AppData\Local\Temp\testng-eclipse-80533069\testng-customsuite.xml]]>
            </message>
            <full-stacktrace>
              <![CDATA[org.testng.TestNGException: 
Parameter 'browser' is required by @Configuration on method setUp but has not been marked @Optional or defined
in C:\Users\chira\AppData\Local\Temp\testng-eclipse-80533069\testng-customsuite.xml
	at org.testng.internal.Parameters.createParameters(Parameters.java:156)
	at org.testng.internal.Parameters.createParameters(Parameters.java:370)
	at org.testng.internal.Parameters.createConfigurationParameters(Parameters.java:86)
	at org.testng.internal.Invoker.invokeConfigurations(Invoker.java:202)
	at org.testng.internal.Invoker.invokeConfigurations(Invoker.java:143)
	at org.testng.TestRunner.beforeRun(TestRunner.java:631)
	at org.testng.TestRunner.run(TestRunner.java:599)
	at org.testng.SuiteRunner.runTest(SuiteRunner.java:368)
	at org.testng.SuiteRunner.runSequentially(SuiteRunner.java:363)
	at org.testng.SuiteRunner.privateRun(SuiteRunner.java:321)
	at org.testng.SuiteRunner.run(SuiteRunner.java:270)
	at org.testng.SuiteRunnerWorker.runSuite(SuiteRunnerWorker.java:52)
	at org.testng.SuiteRunnerWorker.run(SuiteRunnerWorker.java:86)
	at org.testng.TestNG.runSuitesSequentially(TestNG.java:1284)
	at org.testng.TestNG.runSuitesLocally(TestNG.java:1209)
	at org.testng.TestNG.runSuites(TestNG.java:1124)
	at org.testng.TestNG.run(TestNG.java:1096)
	at org.testng.remote.AbstractRemoteTestNG.run(AbstractRemoteTestNG.java:132)
	at org.testng.remote.RemoteTestNG.initAndRun(RemoteTestNG.java:236)
	at org.testng.remote.RemoteTestNG.main(RemoteTestNG.java:81)
]]>
            </full-stacktrace>
          </exception> <!-- org.testng.TestNGException -->
          <reporter-output>
          </reporter-output>
        </test-method> <!-- setUp -->
        <test-method status="SKIP" signature="login_1()[pri:0, instance:jenkins_grid.jenkins_grid.google@694e1548]" name="login_1" duration-ms="12" started-at="2020-12-06T17:39:41Z" finished-at="2020-12-06T17:39:41Z">
          <reporter-output>
          </reporter-output>
        </test-method> <!-- login_1 -->
        <test-method status="SKIP" signature="tearDown()[pri:0, instance:jenkins_grid.jenkins_grid.google@694e1548]" name="tearDown" is-config="true" duration-ms="0" started-at="2020-12-06T17:39:41Z" finished-at="2020-12-06T17:39:41Z">
          <reporter-output>
          </reporter-output>
        </test-method> <!-- tearDown -->
        <test-method status="SKIP" signature="login_2()[pri:0, instance:jenkins_grid.jenkins_grid.google@694e1548]" name="login_2" duration-ms="0" started-at="2020-12-06T17:39:41Z" finished-at="2020-12-06T17:39:41Z">
          <reporter-output>
          </reporter-output>
        </test-method> <!-- login_2 -->
        <test-method status="SKIP" signature="tearDown()[pri:0, instance:jenkins_grid.jenkins_grid.google@694e1548]" name="tearDown" is-config="true" duration-ms="0" started-at="2020-12-06T17:39:41Z" finished-at="2020-12-06T17:39:41Z">
          <reporter-output>
          </reporter-output>
        </test-method> <!-- tearDown -->
        <test-method status="SKIP" signature="login_3()[pri:0, instance:jenkins_grid.jenkins_grid.google@694e1548]" name="login_3" duration-ms="0" started-at="2020-12-06T17:39:41Z" finished-at="2020-12-06T17:39:41Z">
          <reporter-output>
          </reporter-output>
        </test-method> <!-- login_3 -->
        <test-method status="SKIP" signature="tearDown()[pri:0, instance:jenkins_grid.jenkins_grid.google@694e1548]" name="tearDown" is-config="true" duration-ms="0" started-at="2020-12-06T17:39:41Z" finished-at="2020-12-06T17:39:41Z">
          <reporter-output>
          </reporter-output>
        </test-method> <!-- tearDown -->
        <test-method status="SKIP" signature="login_4()[pri:0, instance:jenkins_grid.jenkins_grid.google@694e1548]" name="login_4" duration-ms="0" started-at="2020-12-06T17:39:41Z" finished-at="2020-12-06T17:39:41Z">
          <reporter-output>
          </reporter-output>
        </test-method> <!-- login_4 -->
        <test-method status="SKIP" signature="tearDown()[pri:0, instance:jenkins_grid.jenkins_grid.google@694e1548]" name="tearDown" is-config="true" duration-ms="0" started-at="2020-12-06T17:39:41Z" finished-at="2020-12-06T17:39:41Z">
          <reporter-output>
          </reporter-output>
        </test-method> <!-- tearDown -->
      </class> <!-- jenkins_grid.jenkins_grid.google -->
    </test> <!-- Default test -->
  </suite> <!-- Default suite -->
</testng-results>
